2020-04-26 15:29:10,230 INFO o.a.j.u.JMeterUtils: Setting Locale to en_EN
2020-04-26 15:29:10,270 INFO o.a.j.JMeter: Loading user properties from: /usr/local/Cellar/jmeter/5.2.1/libexec/bin/user.properties
2020-04-26 15:29:10,271 INFO o.a.j.JMeter: Loading system properties from: /usr/local/Cellar/jmeter/5.2.1/libexec/bin/system.properties
2020-04-26 15:29:10,272 INFO o.a.j.JMeter: Copyright (c) 1998-2019 The Apache Software Foundation
2020-04-26 15:29:10,272 INFO o.a.j.JMeter: Version 5.2.1
2020-04-26 15:29:10,272 INFO o.a.j.JMeter: java.version=1.8.0_241
2020-04-26 15:29:10,272 INFO o.a.j.JMeter: java.vm.name=Java HotSpot(TM) 64-Bit Server VM
2020-04-26 15:29:10,272 INFO o.a.j.JMeter: os.name=Mac OS X
2020-04-26 15:29:10,272 INFO o.a.j.JMeter: os.arch=x86_64
2020-04-26 15:29:10,272 INFO o.a.j.JMeter: os.version=10.15.4
2020-04-26 15:29:10,272 INFO o.a.j.JMeter: file.encoding=UTF-8
2020-04-26 15:29:10,273 INFO o.a.j.JMeter: java.awt.headless=null
2020-04-26 15:29:10,273 INFO o.a.j.JMeter: Max memory     =1073741824
2020-04-26 15:29:10,273 INFO o.a.j.JMeter: Available Processors =12
2020-04-26 15:29:10,278 INFO o.a.j.JMeter: Default Locale=English (EN)
2020-04-26 15:29:10,279 INFO o.a.j.JMeter: JMeter  Locale=English (EN)
2020-04-26 15:29:10,279 INFO o.a.j.JMeter: JMeterHome=/usr/local/Cellar/jmeter/5.2.1/libexec
2020-04-26 15:29:10,279 INFO o.a.j.JMeter: user.dir  =/Users/chechu/RHOS/lab-ocp-local/ocp-lab-backend
2020-04-26 15:29:10,279 INFO o.a.j.JMeter: PWD       =/Users/chechu/RHOS/lab-ocp-local/ocp-lab-backend
2020-04-26 15:29:10,280 INFO o.a.j.JMeter: IP: 192.168.1.52 Name: Chechus-MacBook-Pro-2.local FullName: 192.168.1.52
2020-04-26 15:29:15,571 INFO o.a.j.g.a.LookAndFeelCommand: Installing Darcula LAF
2020-04-26 15:29:15,593 INFO o.a.j.g.a.LookAndFeelCommand: Using look and feel: com.bulenkov.darcula.DarculaLaf [Darcula]
2020-04-26 15:29:15,593 INFO o.a.j.JMeter: Setting LAF to: com.bulenkov.darcula.DarculaLaf
2020-04-26 15:29:15,670 INFO o.a.j.JMeter: Loaded icon properties from org/apache/jmeter/images/icon.properties
2020-04-26 15:29:16,666 INFO o.j.r.JARSourceHTTP: Requesting https://jmeter-plugins.org/repo/?installID=mac_os_x-46b1380193ede55d67d26a2c176bdeed-gui
2020-04-26 15:29:18,532 INFO o.a.j.p.h.s.HTTPSamplerBase: Parser for text/html is org.apache.jmeter.protocol.http.parser.LagartoBasedHtmlParser
2020-04-26 15:29:18,532 INFO o.a.j.p.h.s.HTTPSamplerBase: Parser for application/xhtml+xml is org.apache.jmeter.protocol.http.parser.LagartoBasedHtmlParser
2020-04-26 15:29:18,532 INFO o.a.j.p.h.s.HTTPSamplerBase: Parser for application/xml is org.apache.jmeter.protocol.http.parser.LagartoBasedHtmlParser
2020-04-26 15:29:18,532 INFO o.a.j.p.h.s.HTTPSamplerBase: Parser for text/xml is org.apache.jmeter.protocol.http.parser.LagartoBasedHtmlParser
2020-04-26 15:29:18,532 INFO o.a.j.p.h.s.HTTPSamplerBase: Parser for text/vnd.wap.wml is org.apache.jmeter.protocol.http.parser.RegexpHTMLParser
2020-04-26 15:29:18,532 INFO o.a.j.p.h.s.HTTPSamplerBase: Parser for text/css is org.apache.jmeter.protocol.http.parser.CssParser
2020-04-26 15:29:18,817 INFO o.a.j.e.KeyToolUtils: keytool found at 'keytool'
2020-04-26 15:29:18,817 INFO o.a.j.p.h.p.ProxyControl: HTTP(S) Test Script Recorder SSL Proxy will use keys that support embedded 3rd party resources in file /usr/local/Cellar/jmeter/5.2.1/libexec/bin/proxyserver.jks
2020-04-26 15:29:18,921 INFO o.a.j.s.FileServer: Default base='/Users/chechu/RHOS/lab-ocp-local/ocp-lab-backend'
2020-04-26 15:29:19,161 INFO o.a.j.s.SampleResult: Note: Sample TimeStamps are START times
2020-04-26 15:29:19,161 INFO o.a.j.s.SampleResult: sampleresult.default.encoding is set to ISO-8859-1
2020-04-26 15:29:19,161 INFO o.a.j.s.SampleResult: sampleresult.useNanoTime=true
2020-04-26 15:29:19,161 INFO o.a.j.s.SampleResult: sampleresult.nanoThreadSleep=5000
2020-04-26 15:29:27,488 INFO o.j.r.PluginManager: Plugins Status: [jpgc-plugins-manager=1.3, jmeter-core=5.2.1, jmeter-ftp=5.2.1, jmeter-http=5.2.1, jmeter-jdbc=5.2.1, jmeter-jms=5.2.1, jmeter-junit=5.2.1, jmeter-java=5.2.1, jmeter-ldap=5.2.1, jmeter-mail=5.2.1, jmeter-mongodb=5.2.1, jmeter-native=5.2.1, jmeter-tcp=5.2.1, jmeter-components=5.2.1]
2020-04-26 15:29:27,489 INFO o.j.r.PluginManagerMenuItem: Plugins Manager has upgrades: [jpgc-plugins-manager]
2020-04-26 19:57:46,819 INFO o.j.r.JARSourceHTTP: Downloading: http://search.maven.org/remotecontent?filepath=net/sf/json-lib/json-lib/2.4/json-lib-2.4-jdk15.jar
2020-04-26 19:57:58,354 INFO o.j.r.JARSourceHTTP: Downloading: https://search.maven.org/remotecontent?filepath=kg/apc/cmdrunner/2.2/cmdrunner-2.2.jar
2020-04-26 19:57:59,554 INFO o.j.r.JARSourceHTTP: Downloading: https://search.maven.org/remotecontent?filepath=kg/apc/jmeter-plugins-manager/1.4/jmeter-plugins-manager-1.4.jar
2020-04-26 19:58:01,606 INFO o.j.r.PluginManager: Restarting JMeter...
2020-04-26 19:58:01,606 INFO o.j.r.PluginManager: Plugins manager will apply some modifications
